[2021-05-16 16:43:14,733] INFO org.github.dragos.vscode.Main$ - Starting server in /Users/carahvillacampa/web-app-version1
[2021-05-16 16:43:14,733] INFO org.github.dragos.vscode.Main$ - Starting server in /Users/carahvillacampa/web-app-version1
[2021-05-16 16:43:14,748] INFO org.github.dragos.vscode.Main$ - Classpath: /Users/carahvillacampa/.vscode/extensions/dragos.scala-lsp-0.2.3/coursier
[2021-05-16 16:43:14,748] INFO org.github.dragos.vscode.Main$ - Classpath: /Users/carahvillacampa/.vscode/extensions/dragos.scala-lsp-0.2.3/coursier
[2021-05-16 16:43:15,630] DEBUG langserver.core.MessageReader - Received headers:
Content-Length: 1206
[2021-05-16 16:43:15,630] DEBUG langserver.core.MessageReader - Received headers:
Content-Length: 1206
[2021-05-16 16:43:15,826] DEBUG langserver.core.Connection - Received {"jsonrpc":"2.0","id":0,"method":"initialize","params":{"processId":3984,"rootPath":"/Users/carahvillacampa/web-app-version1","rootUri":"file:///Users/carahvillacampa/web-app-version1","capabilities":{"workspace":{"applyEdit":true,"didChangeConfiguration":{"dynamicRegistration":false},"didChangeWatchedFiles":{"dynamicRegistration":false},"symbol":{"dynamicRegistration":true},"executeCommand":{"dynamicRegistration":true}},"textDocument":{"synchronization":{"dynamicRegistration":true,"willSave":true,"willSaveWaitUntil":true,"didSave":true},"completion":{"dynamicRegistration":true,"completionItem":{"snippetSupport":true}},"hover":{"dynamicRegistration":true},"signatureHelp":{"dynamicRegistration":true},"references":{"dynamicRegistration":true},"documentHighlight":{"dynamicRegistration":true},"documentSymbol":{"dynamicRegistration":true},"formatting":{"dynamicRegistration":true},"rangeFormatting":{"dynamicRegistration":true},"onTypeFormatting":{"dynamicRegistration":true},"definition":{"dynamicRegistration":true},"codeAction":{"dynamicRegistration":true},"codeLens":{"dynamicRegistration":true},"documentLink":{"dynamicRegistration":true},"rename":{"dynamicRegistration":true}}},"trace":"off"}}
[2021-05-16 16:43:15,826] DEBUG langserver.core.Connection - Received {"jsonrpc":"2.0","id":0,"method":"initialize","params":{"processId":3984,"rootPath":"/Users/carahvillacampa/web-app-version1","rootUri":"file:///Users/carahvillacampa/web-app-version1","capabilities":{"workspace":{"applyEdit":true,"didChangeConfiguration":{"dynamicRegistration":false},"didChangeWatchedFiles":{"dynamicRegistration":false},"symbol":{"dynamicRegistration":true},"executeCommand":{"dynamicRegistration":true}},"textDocument":{"synchronization":{"dynamicRegistration":true,"willSave":true,"willSaveWaitUntil":true,"didSave":true},"completion":{"dynamicRegistration":true,"completionItem":{"snippetSupport":true}},"hover":{"dynamicRegistration":true},"signatureHelp":{"dynamicRegistration":true},"references":{"dynamicRegistration":true},"documentHighlight":{"dynamicRegistration":true},"documentSymbol":{"dynamicRegistration":true},"formatting":{"dynamicRegistration":true},"rangeFormatting":{"dynamicRegistration":true},"onTypeFormatting":{"dynamicRegistration":true},"definition":{"dynamicRegistration":true},"codeAction":{"dynamicRegistration":true},"codeLens":{"dynamicRegistration":true},"documentLink":{"dynamicRegistration":true},"rename":{"dynamicRegistration":true}}},"trace":"off"}}
[2021-05-16 16:43:18,916] INFO org.github.dragos.vscode.EnsimeLanguageServer - Initialized with 3984, /Users/carahvillacampa/web-app-version1, ClientCapabilities()
[2021-05-16 16:43:18,916] INFO org.github.dragos.vscode.EnsimeLanguageServer - Initialized with 3984, /Users/carahvillacampa/web-app-version1, ClientCapabilities()
[2021-05-16 16:43:18,919] DEBUG org.github.dragos.vscode.EnsimeLanguageServer - ensime.config = "/Users/carahvillacampa/web-app-version1/.ensime" 
[2021-05-16 16:43:18,919] DEBUG org.github.dragos.vscode.EnsimeLanguageServer - ensime.config = "/Users/carahvillacampa/web-app-version1/.ensime" 
[2021-05-16 16:43:20,982] INFO akka.event.slf4j.Slf4jLogger - Slf4jLogger started
[2021-05-16 16:43:21,376] ERROR org.github.dragos.vscode.EnsimeLanguageServer - initializeEnsime Error: /Users/carahvillacampa/web-app-version1/.ensime
[2021-05-16 16:43:21,376] ERROR org.github.dragos.vscode.EnsimeLanguageServer - initializeEnsime Error: /Users/carahvillacampa/web-app-version1/.ensime
[2021-05-16 16:43:21,646] DEBUG langserver.core.MessageWriter - Content-Length: 146



{"jsonrpc":"2.0","method":"window/showMessage","params":{"tpe":1,"message":"No .ensime file in directory. Run `sbt ensimeConfig` to create one."}}
[2021-05-16 16:43:21,646] DEBUG langserver.core.MessageWriter - Content-Length: 146



{"jsonrpc":"2.0","method":"window/showMessage","params":{"tpe":1,"message":"No .ensime file in directory. Run `sbt ensimeConfig` to create one."}}
[2021-05-16 16:43:21,647] DEBUG langserver.core.MessageWriter - payload: {"jsonrpc":"2.0","method":"window/showMessage","params":{"tpe":1,"message":"No .ensime file in directory. Run `sbt ensimeConfig` to create one."}}
[2021-05-16 16:43:21,647] DEBUG langserver.core.MessageWriter - payload: {"jsonrpc":"2.0","method":"window/showMessage","params":{"tpe":1,"message":"No .ensime file in directory. Run `sbt ensimeConfig` to create one."}}
[2021-05-16 16:43:21,869] DEBUG langserver.core.MessageWriter - Content-Length: 441



{"jsonrpc":"2.0","result":{"capabilities":{"textDocumentSync":1,"hoverProvider":true,"completionProvider":{"resolveProvider":false,"triggerCharacters":["."]},"definitionProvider":true,"referencesProvider":false,"documentHighlightProvider":false,"documentSymbolProvider":true,"workspaceSymbolProvider":false,"codeActionProvider":false,"documentFormattingProvider":false,"documentRangeFormattingProvider":false,"renameProvider":false}},"id":0}
[2021-05-16 16:43:21,869] DEBUG langserver.core.MessageWriter - Content-Length: 441



{"jsonrpc":"2.0","result":{"capabilities":{"textDocumentSync":1,"hoverProvider":true,"completionProvider":{"resolveProvider":false,"triggerCharacters":["."]},"definitionProvider":true,"referencesProvider":false,"documentHighlightProvider":false,"documentSymbolProvider":true,"workspaceSymbolProvider":false,"codeActionProvider":false,"documentFormattingProvider":false,"documentRangeFormattingProvider":false,"renameProvider":false}},"id":0}
[2021-05-16 16:43:21,869] DEBUG langserver.core.MessageWriter - payload: {"jsonrpc":"2.0","result":{"capabilities":{"textDocumentSync":1,"hoverProvider":true,"completionProvider":{"resolveProvider":false,"triggerCharacters":["."]},"definitionProvider":true,"referencesProvider":false,"documentHighlightProvider":false,"documentSymbolProvider":true,"workspaceSymbolProvider":false,"codeActionProvider":false,"documentFormattingProvider":false,"documentRangeFormattingProvider":false,"renameProvider":false}},"id":0}
[2021-05-16 16:43:21,869] DEBUG langserver.core.MessageWriter - payload: {"jsonrpc":"2.0","result":{"capabilities":{"textDocumentSync":1,"hoverProvider":true,"completionProvider":{"resolveProvider":false,"triggerCharacters":["."]},"definitionProvider":true,"referencesProvider":false,"documentHighlightProvider":false,"documentSymbolProvider":true,"workspaceSymbolProvider":false,"codeActionProvider":false,"documentFormattingProvider":false,"documentRangeFormattingProvider":false,"renameProvider":false}},"id":0}
[2021-05-16 16:43:21,878] DEBUG langserver.core.MessageReader - Received headers:
Content-Length: 52
[2021-05-16 16:43:21,878] DEBUG langserver.core.MessageReader - Received headers:
Content-Length: 52
[2021-05-16 16:43:21,879] DEBUG langserver.core.Connection - Received {"jsonrpc":"2.0","method":"initialized","params":{}}
[2021-05-16 16:43:21,879] DEBUG langserver.core.Connection - Received {"jsonrpc":"2.0","method":"initialized","params":{}}
[2021-05-16 16:43:21,937] ERROR org.github.dragos.vscode.EnsimeLanguageServer - Unknown notification Initialized()
[2021-05-16 16:43:21,937] ERROR org.github.dragos.vscode.EnsimeLanguageServer - Unknown notification Initialized()
[2021-05-17 11:30:46,188] DEBUG langserver.core.MessageReader - Received headers:
Content-Length: 58
[2021-05-17 11:30:46,188] DEBUG langserver.core.MessageReader - Received headers:
Content-Length: 58
[2021-05-17 11:30:46,667] DEBUG langserver.core.Connection - Received {"jsonrpc":"2.0","id":1,"method":"shutdown","params":null}
[2021-05-17 11:30:46,667] DEBUG langserver.core.Connection - Received {"jsonrpc":"2.0","id":1,"method":"shutdown","params":null}
[2021-05-17 11:30:47,353] INFO langserver.core.MessageReader - End of stream, terminating thread
[2021-05-17 11:30:47,353] INFO langserver.core.MessageReader - End of stream, terminating thread
[2021-05-17 11:30:48,319] DEBUG langserver.core.MessageWriter - Content-Length: 198



{"jsonrpc":"2.0","error":{"code":-32602,"message":"Invalid params","data":{"meaning":"Invalid method parameter(s).","error":{"obj":[{"msg":["command parameters must be given"],"args":[]}]}}},"id":1}
[2021-05-17 11:30:48,319] DEBUG langserver.core.MessageWriter - Content-Length: 198



{"jsonrpc":"2.0","error":{"code":-32602,"message":"Invalid params","data":{"meaning":"Invalid method parameter(s).","error":{"obj":[{"msg":["command parameters must be given"],"args":[]}]}}},"id":1}
[2021-05-17 11:30:48,319] DEBUG langserver.core.MessageWriter - payload: {"jsonrpc":"2.0","error":{"code":-32602,"message":"Invalid params","data":{"meaning":"Invalid method parameter(s).","error":{"obj":[{"msg":["command parameters must be given"],"args":[]}]}}},"id":1}
[2021-05-17 11:30:48,319] DEBUG langserver.core.MessageWriter - payload: {"jsonrpc":"2.0","error":{"code":-32602,"message":"Invalid params","data":{"meaning":"Invalid method parameter(s).","error":{"obj":[{"msg":["command parameters must be given"],"args":[]}]}}},"id":1}
[2021-05-17 11:30:48,328] INFO org.github.dragos.vscode.EnsimeLanguageServer - Shutdown request
[2021-05-17 11:30:48,328] INFO org.github.dragos.vscode.EnsimeLanguageServer - Shutdown request
[2021-05-17 11:30:48,347] INFO org.github.dragos.vscode.EnsimeLanguageServer - Shutting down actor system.
[2021-05-17 11:30:48,347] INFO org.github.dragos.vscode.EnsimeLanguageServer - Shutting down actor system.
[2021-05-17 11:30:48,525] INFO org.github.dragos.vscode.EnsimeLanguageServer - Actor system down.
[2021-05-17 11:30:48,525] INFO org.github.dragos.vscode.EnsimeLanguageServer - Actor system down.
